*------------------------------------------------------------*
Użytkownik:          Szymon
Data:                10 kwietnia 2021
Czas:                13:05:30
*------------------------------------------------------------*
* Wynik uczenia
*------------------------------------------------------------*
 
 
 
 
Podsumowanie zmiennych
 
           Poziom       Liczba
Rola       miary      wystąpień
 
ID        INTERVAL         1
INPUT     BINARY           1
INPUT     INTERVAL         1
INPUT     NOMINAL         10
TARGET    BINARY           1
 
 
 
Właściwości zapisu danych
 
Biblioteka                                                                                     Obserwacje    Obserwacje     Liczba
  danych                                    Położenie wyniku                                     razem        zapisane     zmiennych
 
  HRDATA      D:\SGH\Data mining\dm-zaliczeniowy\biblioteka_z_danymi\dataset_TRAIN.sas7bdat      19158          MAX           14


*------------------------------------------------------------*
* Wynik scoringu
*------------------------------------------------------------*


*------------------------------------------------------------*
* Wynik raportu
*------------------------------------------------------------*
